[www.eslamkamel.co/index.html]
[www.eslamkamel.co/images/flags/logo.png]
[backblue.gif]
[fade.gif]
[index.html]
[www.eslamkamel.co/indexfb48.html]
[www.eslamkamel.co/EslamKamel/Programsfb48.html]
[www.eslamkamel.co/EslamKamel/GetStarted.html]
[www.eslamkamel.co/EslamKamel/CalorieCalculator.html]
[www.eslamkamel.co/css/general/style.css]
[www.eslamkamel.co/indexfbe9.html]
[www.eslamkamel.co/lib/boststrap/bootstrap.min.css]
[www.eslamkamel.co/lib/fontawesome/css/all.min.css]
[www.eslamkamel.co/lib/swiper/swiper-bundle.min.css]
[www.eslamkamel.co/css/common-component/nav/nav.css]
[www.eslamkamel.co/lib/HTML5-Video-Lightbox-VideoPopup/css/videopopup.css]
[www.eslamkamel.co/css/home/style.css]
[www.eslamkamel.co/images/4bf796d6-11c3-43b1-b113-fff2dc8fa567trim.28923666-21C3-40F0-AC55-4D977BF8BA09.qt]
[www.eslamkamel.co/images/30713d79-8cfb-4cd9-8a2d-b12c5a884e17our-services.png]
[www.eslamkamel.co/images/80c2dbaa-85b0-4889-9bcd-357413fa858dour-services.png]
[www.eslamkamel.co/images/1064bc4a-3f7e-4675-8a38-829afaf9e57eour-services.png]
[www.eslamkamel.co/images/7d2787df-a69e-47b9-96b4-5c0eb85f0d88our-services.png]
[www.eslamkamel.co/images/4a01efcf-1c7f-445f-ae4b-4a90395749c8our-services.png]
[www.eslamkamel.co/images/a27b5355-5829-480d-a188-a745cc892caeour-services.png]
[www.eslamkamel.co/images/a989e0c2-d0d1-44ef-9130-cb175385819btrim.AF4638F3-AC15-4EE4-BD71-DB89D7A1ABB8.qt]
[www.eslamkamel.co/images/9be47148-850a-4cc0-a6f9-c87fde4a6fd9followup.jpg]
[www.eslamkamel.co/images/d3b0de01-7778-4f77-a57f-b5d1f215eeacabout_bg.jpg]
[www.eslamkamel.co/images/a81b0ab5-c615-4f85-8594-0e72389f1317custom_nutrition.jpg]
[www.eslamkamel.co/images/fdc203ec-8ac0-40b0-9723-96c502d7cc3cebooks.jpg]
[www.eslamkamel.co/images/4efd820f-8e8b-47d0-b356-3566bbedc5f6workouts.jpg]
[www.eslamkamel.co/images/19f34c1f-095e-4a7e-a103-9006846aa735nutrition_and_workouts.jpg]
[www.eslamkamel.co/images/home/mobile/watch.png]
[www.eslamkamel.co/images/66e34371-d4c0-48a1-a8af-2ac93d287dcdSERVICES.jpg]
[www.eslamkamel.co/images/home/lion.png]
[www.eslamkamel.co/images/home/wing.png]
[www.eslamkamel.co/images/home/ko.png]
[www.eslamkamel.co/images/735164e9-ba28-47e9-9cb4-9ba43dbfe3a51B4BC253-0124-421C-B1AE-87FD821C56F0.jpg]
[www.eslamkamel.co/images/0ad02f25-14f8-4a9a-a4d6-121887f4223921E744D2-28BA-4879-9489-A0F6FA2E7C25.jpg]
[www.eslamkamel.co/images/8313004f-6def-4af4-bdc6-0b87a5cb6dc7A838472C-5A35-40FF-804C-88A0E4D3A4CD.jpg]
[www.eslamkamel.co/images/510e6a7c-ac61-4e86-bf72-0e192665364853C9CFD1-D23C-4676-AAA8-37B1B0D7B057.jpg]
[www.eslamkamel.co/images/e7360ea1-2f12-4fb6-80a7-cb0677983b3410B94476-6831-4DEF-9710-B13E73A162FB.jpg]
[www.eslamkamel.co/images/1cc55cb7-0df5-4e61-b2b6-cec7f68fbfe047E6CF44-4655-4A40-AAE5-28DAAF8A2497.jpg]
[www.eslamkamel.co/images/75590d91-4257-4bdd-9dd1-febd9adf71da8209C3FB-6063-46E7-B088-D6404EC54D93.jpg]
[www.eslamkamel.co/images/0699119a-12c0-4f5a-8013-a9582ddb936cFF2FC3FC-F326-4141-A6D6-1CFB43EE57B7.jpg]
[www.eslamkamel.co/images/e8c39899-3245-4f14-88d0-d872242b21c21CBC172F-86EC-4D66-8896-387C3D6E7BE6.jpg]
[www.eslamkamel.co/images/fcc934e5-51b9-4cfd-af06-6622a087e48e8322B2A1-E632-4194-8861-9018D2F986BA.jpg]
[www.eslamkamel.co/images/2ec8c8e1-cefc-4640-86fa-0b6b12e9769d7B5F0652-9834-4639-8983-C982E4E091A6.jpg]
[www.eslamkamel.co/images/2881c39d-5ec9-4f00-90ba-95f46402d681E8866009-578F-4F79-A7C3-A26D4033C91F.jpg]
[www.eslamkamel.co/images/d95fdf90-49a1-4780-9a4b-0a4050786c6e0E080CFC-348C-425C-8039-D674ED56F923.jpg]
[www.eslamkamel.co/images/249a668d-5850-4dc7-b8ae-61c06509a440A7366997-83D0-4A56-BD31-50BACBD99FE2.jpg]
[www.eslamkamel.co/images/22f77c75-6b49-4a88-9e55-b0ce5276a60dCC67565B-3A62-4C31-B0A5-EEF7E05A6845.jpg]
[www.eslamkamel.co/images/fab9d21d-5a85-41b7-bccb-490b56badf15D123C72D-84D3-4E53-828B-D861F4F82E2E.jpg]
[www.eslamkamel.co/images/e0586892-f767-4703-9d68-a9a0bfb5d6a53FA8D3CC-C97A-4945-9F4B-DBBFB0F23D9D.jpg]
[www.eslamkamel.co/images/027f53ec-ebd0-4a8a-b8c0-ea4dbc8723b4AE1DDB29-9145-4CE5-8F25-E2F0C01DD100.jpg]
[www.eslamkamel.co/images/0b15105a-7647-4161-8d2b-8d2102e95599F20198B5-2F7A-4DBF-BB5E-33F18DF40956.jpg]
[www.eslamkamel.co/images/eaab55bb-0512-4989-9e6a-2e4458b3a0495A4BB2AD-A1BF-4C32-8268-F09D03C5F405.jpg]
[www.eslamkamel.co/images/e207fb73-fc89-4860-a5e4-51773c0a1b8eB9225934-03BC-4F54-8B91-5CCA13CEBC18.jpg]
[www.eslamkamel.co/images/32607e33-1038-4c8d-9c10-9d82781ef4e19C6F831E-76C2-4A3F-B560-1AB34D914E4C.jpg]
[www.eslamkamel.co/images/96986670-e824-4632-b39e-f136c6141c25DC5389C6-F9C7-459C-8D34-C59A6B8FE72F.jpg]
[www.eslamkamel.co/images/59d6adea-cc6f-49f2-8210-5b85d1a5118471E2B26A-FFD9-4584-9E71-AE7C315B8F06.jpg]
[www.eslamkamel.co/images/e3981c0a-281f-433f-a593-d6550fd7ba85DDDB2771-46B7-41C5-B387-B02A1D098CCC.jpg]
[www.eslamkamel.co/images/772df704-88c9-4e3e-b925-e63c3b8f99cb36154838-53CD-49C8-9394-B8C7B311F7DB.jpg]
[www.eslamkamel.co/images/d5b8b7cf-28f4-4983-a395-858813219a1cAEF4AE3D-96BA-44BD-B451-90A591CFCF82.jpg]
[www.eslamkamel.co/images/7a91e6a8-b12a-47af-97de-2e4a0de5bb5f99A7E961-6EAA-4651-9A13-86A000983959.jpg]
[www.eslamkamel.co/images/d3913c4c-dd9f-483e-91f5-04a836cc7271CA836DA9-0FCA-487B-8B18-C423FD7C7853.jpg]
[www.eslamkamel.co/images/c58a6cb1-6c59-4143-98fe-ebc9b0764ac4DC019A4E-AC32-4205-8F2F-FDA623BAFAA8.jpg]
[www.eslamkamel.co/images/9bf42a94-c6bd-46c1-9223-a936fc33e14f1260E944-D012-4D00-A7EB-2C993F9F09B2.jpg]
[www.eslamkamel.co/images/af7d1c78-d87f-44dd-a84c-b119cbafccc3F43EBCAC-E87E-4A4F-B3C0-9933AC090AC3.jpg]
[www.eslamkamel.co/images/f59c9f56-6a44-4c47-a2f7-eee7e51f5274300F8A42-A56B-4732-A86E-9FDF6914E248.jpg]
[www.eslamkamel.co/images/3100bf61-bb8f-495f-b57e-78878ec8a4d08D7DC841-FED6-48B1-92F2-30AD85EB39E5.jpg]
[www.eslamkamel.co/images/dfe48cd8-ffb0-4b6c-a73a-1c05a10b28de17FF9461-4BFE-446C-9BA8-5E509CB8FF7B.jpg]
[www.eslamkamel.co/images/65c57ddc-8a81-40f1-b8da-0684d1a38cbcEEE21AF8-5B1E-4344-8785-46EEF8386C36.jpg]
[www.eslamkamel.co/images/21599cbb-c205-440a-aaca-7c61220d252aBD1EDA36-F917-449F-B9BD-32FEA73AEBD6.jpg]
[www.eslamkamel.co/images/26c36f4a-6616-415f-93af-bf3201f231fdB97DC220-E45F-4DA4-BF1F-3F72CD6B25A9.jpg]
[www.eslamkamel.co/images/d2f00322-13b2-41d0-a9ac-8e551b99722233FA0D2B-3CE9-4295-B16D-F89BA73EC9EC.jpg]
[www.eslamkamel.co/images/1a2a54e6-e08d-49c9-a050-99727902cd47A6FB551C-9252-46A4-9414-AE3CCB154259.jpg]
[www.eslamkamel.co/images/bbd6687e-2d6f-4224-b78d-8ce42e7b55eb484D6324-3EE3-446D-9CC6-ACA14EE30700.jpg]
[www.eslamkamel.co/images/38a422f7-8d94-4e5e-929c-d0436afb97ffC19B7778-F0A3-48F5-8231-D251009CCCAD.jpg]
[www.eslamkamel.co/images/b2c8a956-d3fa-41f9-9ebe-c13bd76d75bfA3B502E0-56D9-4A1D-B6E4-AF62191194F8.jpg]
[www.eslamkamel.co/images/3c265acb-a7e2-4590-9764-c3dd2903b77f6D3B6CBF-1030-4B0A-AFAA-F2E868F8D69A.jpg]
[www.eslamkamel.co/images/0cd97924-53d2-4351-9c33-1fec83679eb40EDA173E-53DC-4ABE-8E18-60538D367EF6.jpg]
[www.eslamkamel.co/images/f3dac4ac-bda4-4215-b96c-1ea216fe68b0E0AEDE7F-6298-4FD9-9CE9-1C38CC7E9D79.jpg]
[www.eslamkamel.co/images/d9148acd-539d-409f-aa96-31b9ce11e18d30588242-1C05-44B3-A57B-5B36698EA080.jpg]
[www.eslamkamel.co/images/77fbc92d-a289-4f5c-8de9-caa5136e4857056FF940-60B9-4F14-A477-C3EAFB86A307.jpg]
[www.eslamkamel.co/images/fc51b845-3f96-40e5-9a98-ba624b3c5d862BB6B42B-DB54-417A-B4ED-C859B389A049.jpg]
[www.eslamkamel.co/images/6b7e067c-9af8-4f1c-9e00-b7de06d84d36FC62D9A9-5D6D-4AA8-BFFB-3F2886162268.jpg]
[www.eslamkamel.co/images/882caac2-09e4-4659-8500-77608979cb0934991B0B-33A3-4709-9D9F-E3FA1439C752.jpg]
[www.eslamkamel.co/images/2bd696ab-d48f-4fba-8a70-f78965d186a9AFA0760C-6904-4641-8472-84E210BDEFDB.jpg]
[www.eslamkamel.co/images/a933261b-2771-4a7c-9204-91d4241211a8trim.22FB58C0-639F-4FF5-98E0-8A645E5626D1.qt]
[www.eslamkamel.co/images/e78baa9f-782a-47e1-9d84-7103a3ce5143TRANSFORMATIONS.jpg]
[www.eslamkamel.co/lib/jquery/jquery-3.6.3.min.js]
[www.eslamkamel.co/lib/boststrap/bootstrap.bundle.min.js]
[www.eslamkamel.co/lib/swiper/swiper-bundle.min.js]
[www.eslamkamel.co/js/nav.js]
[www.eslamkamel.co/index.html]
[www.eslamkamel.co/indexfb48.html]
[www.eslamkamel.co/lib/HTML5-Video-Lightbox-VideoPopup/js/videopopup.js]
[www.eslamkamel.co/EslamKamel/Programsfbe9.html]
[www.eslamkamel.co/css/get-started/style.css]
[www.eslamkamel.co/images/pin.png]
[www.eslamkamel.co/images/a9d34e9b-9db0-4ea9-8967-a301d3858b5b696A5776.jpg]
[www.eslamkamel.co/images/c0b3b7e2-9219-4592-b6b4-a6c74d891c20paymentbg.jpg]
[www.eslamkamel.co/EslamKamel/PackageSelected0f01.html]
[www.eslamkamel.co/EslamKamel/PackageSelectedd2ec.html]
[www.eslamkamel.co/images/ebooks/E-BOOK PROGRAM.png]
[www.eslamkamel.co/images/ebooks/E-BOOK.png]
[www.eslamkamel.co/images/ebooks/COOKING E-BOOK.png]
[www.eslamkamel.co/images/ebooks/FAQ.png]
[www.eslamkamel.co/videos/2.mp4]
[www.eslamkamel.co/images/4b3227e3-bb02-4e17-94b0-88c547b8f9c3trim.B427F95B-09B5-480E-91A6-0C0296E1A031.qt]
[www.eslamkamel.co/images/9a06d4b0-8248-4ca5-8aa2-fc0cfa85732bPROGRAM.jpg]
[www.eslamkamel.co/EslamKamel/Programsfb48.html]
[www.eslamkamel.co/EslamKamel/GetStartedfbe9.html]
[www.eslamkamel.co/images/04d8b7ba-dcd1-47be-8668-7cf21f8a3a0cpaymentbg.jpg]
[www.eslamkamel.co/images/87f3a676-026f-4f01-95ce-a0ee4d5274fbpaymentbg.jpg]
[www.eslamkamel.co/images/get-started/silver.png]
[www.eslamkamel.co/EslamKamel/PackageSelectedfc66.html]
[www.eslamkamel.co/EslamKamel/PackageSelected2616.html]
[www.eslamkamel.co/images/get-started/gold.png]
[www.eslamkamel.co/EslamKamel/PackageSelected0e01.html]
[www.eslamkamel.co/EslamKamel/PackageSelected09a7.html]
[www.eslamkamel.co/images/f5d7e716-8f5b-41be-8527-c7d8a9175d5dtrim.39BBA48D-23B4-4C11-A86B-2D09115ABA53.qt]
[www.eslamkamel.co/images/a4bca86d-09af-4b87-8c6f-c96f28870af6GOLD VS SILVER.jpg]
[www.eslamkamel.co/EslamKamel/GetStarted.html]
[www.eslamkamel.co/EslamKamel/CalorieCalculatorfbe9.html]
[www.eslamkamel.co/EslamKamel/CalorieCalculator.html]
[www.eslamkamel.co/css/calc/calc.css]
[www.eslamkamel.co/css/rtl.css]
[www.eslamkamel.co/indexfbe9.html]
[www.eslamkamel.co/css/general/style.css]
[www.eslamkamel.co/lib/boststrap/bootstrap.min.css]
[www.eslamkamel.co/fonts/poppins.css]
[www.eslamkamel.co/lib/fontawesome/webfonts/fa-brands-400.woff2]
[www.eslamkamel.co/lib/fontawesome/webfonts/fa-brands-400.ttf]
[www.eslamkamel.co/lib/fontawesome/webfonts/fa-regular-400.woff2]
[www.eslamkamel.co/lib/fontawesome/webfonts/fa-regular-400.ttf]
[www.eslamkamel.co/lib/fontawesome/webfonts/fa-solid-900.woff2]
[www.eslamkamel.co/lib/fontawesome/webfonts/fa-solid-900.ttf]
[www.eslamkamel.co/lib/fontawesome/webfonts/fa-v4compatibility.woff2]
[www.eslamkamel.co/lib/fontawesome/webfonts/fa-v4compatibility.ttf]
[www.eslamkamel.co/lib/fontawesome/css/all.min.css]
[www.eslamkamel.co/lib/swiper/swiper-bundle.min.css]
[www.eslamkamel.co/css/common-component/nav/nav.css]
[www.eslamkamel.co/lib/HTML5-Video-Lightbox-VideoPopup/css/videopopup.css]
[www.eslamkamel.co/css/home/hero/hero.style.css]
[www.eslamkamel.co/css/home/hero/hero.media.css]
[www.eslamkamel.co/css/home/our-services/our-services.style.css]
[www.eslamkamel.co/css/home/our-services/our-services.media.css]
[www.eslamkamel.co/css/home/about/about.style.css]
[www.eslamkamel.co/css/home/about/about.media.css]
[www.eslamkamel.co/css/home/additive-1/additive-1.style.css]
[www.eslamkamel.co/css/home/additive-1/additive-1.media.css]
[www.eslamkamel.co/css/home/transformation/transformation.style.css]
[www.eslamkamel.co/css/home/transformation/transformation.media.css]
[www.eslamkamel.co/css/home/additive-2/additive-2.style.css]
[www.eslamkamel.co/css/home/style.css]
[www.eslamkamel.co/css/home/additive-2/additive-2.media.css]
[www.eslamkamel.co/EslamKamel/Programsfbe9.html]
[www.eslamkamel.co/css/get-started/hero/hero.style.css]
[www.eslamkamel.co/css/get-started/hero/hero.media.css]
[www.eslamkamel.co/css/get-started/program/program.style.css]
[www.eslamkamel.co/css/get-started/style.css]
[www.eslamkamel.co/css/get-started/program/program.media.css]
[www.eslamkamel.co/images/flags/credit.png]
[www.eslamkamel.co/images/flags/voda.png]
[www.eslamkamel.co/images/105c51f5-f4b1-456a-8f11-8d8ae1ef13c2trim.36A89914-AFF8-436E-8FD5-CEF81D1D444A.qt]
[www.eslamkamel.co/images/42f2156f-861a-4609-88a0-f96d91aef5fdPAYMENT.jpg]
[www.eslamkamel.co/EslamKamel/PackageSelected0f01.html]
[www.eslamkamel.co/EslamKamel/PackageSelectedd2ec.html]
[www.eslamkamel.co/EslamKamel/_/payment.html]
[www.eslamkamel.co/EslamKamel/GetStartedfb48.html]
[www.eslamkamel.co/EslamKamel/GetStartedfbe9.html]
[www.eslamkamel.co/EslamKamel/PackageSelectedfc66.html]
[www.eslamkamel.co/EslamKamel/PackageSelected2616.html]
[www.eslamkamel.co/EslamKamel/PackageSelected0e01.html]
[www.eslamkamel.co/EslamKamel/PackageSelected09a7.html]
[www.eslamkamel.co/EslamKamel/CalorieCalculatorfbe9.html]
[www.eslamkamel.co/css/calc/calc.css]
[www.eslamkamel.co/css/rtl.css]
[www.eslamkamel.co/EslamKamel/CalorieCalculatorfb48.html]
[www.eslamkamel.co/fonts/poppins/Poppins-ExtraBold.ttf]
[www.eslamkamel.co/fonts/poppins/Poppins-Bold.ttf]
[www.eslamkamel.co/fonts/poppins/Poppins-SemiBold.ttf]
[www.eslamkamel.co/fonts/poppins/Poppins-Medium.ttf]
[www.eslamkamel.co/fonts/poppins/Poppins-MediumItalic.ttf]
[www.eslamkamel.co/fonts/poppins/Poppins-Regular.ttf]
[www.eslamkamel.co/fonts/poppins/Poppins-Light.ttf]
[www.eslamkamel.co/fonts/unbounded/Unbounded-Medium.ttf]
[www.eslamkamel.co/fonts/Cairo-VariableFont_slnt,wght.ttf]
[www.eslamkamel.co/fonts/poppins.css]
[www.eslamkamel.co/images/home/desktop/bg.png]
[www.eslamkamel.co/images/home/desktop/rtl-bg.png]
[www.eslamkamel.co/css/home/hero/hero.style.css]
[www.eslamkamel.co/css/home/hero/hero.media.css]
[www.eslamkamel.co/css/home/our-services/our-services.style.css]
[www.eslamkamel.co/css/home/our-services/our-services.media.css]
[www.eslamkamel.co/images/home/about-bg.png]
[www.eslamkamel.co/images/home/dots.png]
[www.eslamkamel.co/css/home/about/about.style.css]
[www.eslamkamel.co/images/bgs/about_bg.jpg]
[www.eslamkamel.co/images/bgs/header.jpg]
[www.eslamkamel.co/images/home/mobile/about-bg.png]
[www.eslamkamel.co/css/home/about/about.media.css]
[www.eslamkamel.co/css/home/additive-1/additive-1.style.css]
[www.eslamkamel.co/css/home/additive-1/additive-1.media.css]
[www.eslamkamel.co/css/home/transformation/transformation.style.css]
[www.eslamkamel.co/css/home/transformation/transformation.media.css]
[www.eslamkamel.co/css/home/additive-2/additive-2.style.css]
[www.eslamkamel.co/images/bgs/bgform.png]
[www.eslamkamel.co/css/home/additive-2/additive-2.media.css]
[www.eslamkamel.co/images/get-started/desktop/get-started-bg.png]
[www.eslamkamel.co/images/get-started/check-silver.png]
[www.eslamkamel.co/images/get-started/check-gold.png]
[www.eslamkamel.co/css/get-started/hero/hero.style.css]
[www.eslamkamel.co/images/get-started/mobile/program-bg.png]
[www.eslamkamel.co/css/get-started/hero/hero.media.css]
[www.eslamkamel.co/images/get-started/desktop/program-bg.png]
[www.eslamkamel.co/images/get-started/desktop/rtl-program-bg.png]
[www.eslamkamel.co/css/get-started/program/program.style.css]
[www.eslamkamel.co/css/get-started/program/program.media.css]
[www.eslamkamel.co/EslamKamel/GetStartedfb48.html]
[www.eslamkamel.co/EslamKamel/CalorieCalculatorfb48.html]
[www.eslamkamel.co/images/home/flies.svg]
[www.eslamkamel.co/images/home/additive-dot.svg]
[www.eslamkamel.co/images/home/trans-dot.svg]
[www.eslamkamel.co/images/home/circles.svg]
